<?xml version="1.0" encoding="UTF-8"?>
<!-- Generated by org.testng.reporters.JUnitXMLReporter -->
<testsuite hostname="DESKTOP-7E5APTE" ignored="2" name="Command line test" tests="4" failures="0" timestamp="03 Feb 2022 03:46:13 GMT" time="240.417" errors="0">
  <testcase name="CreateContatc" time="52.362" classname="com.vtiger.comcast.ContactTest.CreateContatcTest"/>
  <testcase name="createOrgwithContact" time="26.812" classname="com.vtiger.comcast.ContactTest.CreateContatcTest"/>
  <testcase name="createOrganisation" time="18.747" classname="com.vtiger.comcast.OrganisationTest.CreateOrganisationTest"/>
  <testcase name="createOrganisationwithIndustry" time="19.143" classname="com.vtiger.comcast.OrganisationTest.CreateOrganisationTest"/>
  <testcase name="@BeforeSuite ConfigBS" time="0.0" classname="com.crm.GenericLib.BaseClass">
    <ignored/>
  </testcase> <!-- @BeforeSuite ConfigBS -->
  <testcase name="@AfterSuite configAS" time="0.0" classname="com.crm.GenericLib.BaseClass">
    <ignored/>
  </testcase> <!-- @AfterSuite configAS -->
</testsuite> <!-- Command line test -->
